<?xml version="1.0" encoding="UTF-8"?>
<testng-results ignored="0" total="1" passed="1" failed="0" skipped="0">
  <reporter-output>
  </reporter-output>
  <suite started-at="2018-09-26T14:39:09Z" name="Default suite" finished-at="2018-09-26T14:39:42Z" duration-ms="33450">
    <groups>
    </groups>
    <test started-at="2018-09-26T14:39:09Z" name="Default test" finished-at="2018-09-26T14:39:42Z" duration-ms="33450">
      <class name="task.Register">
        <test-method is-config="true" signature="beforeMethod()[pri:0, instance:task.Register@5c90e579]" started-at="2018-09-26T14:39:09Z" name="beforeMethod" finished-at="2018-09-26T14:39:41Z" duration-ms="32410" status="PASS">
          <reporter-output>
          </reporter-output>
        </test-method> <!-- beforeMethod -->
        <test-method signature="FailedRegistration()[pri:0, instance:task.Register@5c90e579]" started-at="2018-09-26T14:39:41Z" name="FailedRegistration" finished-at="2018-09-26T14:39:42Z" duration-ms="1016" status="PASS">
          <reporter-output>
          </reporter-output>
        </test-method> <!-- FailedRegistration -->
        <test-method is-config="true" signature="afterMethod()[pri:0, instance:task.Register@5c90e579]" started-at="2018-09-26T14:39:42Z" name="afterMethod" finished-at="2018-09-26T14:39:42Z" duration-ms="1" status="PASS">
          <reporter-output>
          </reporter-output>
        </test-method> <!-- afterMethod -->
      </class> <!-- task.Register -->
    </test> <!-- Default test -->
  </suite> <!-- Default suite -->
</testng-results>
